This file contains any messages produced by compilers while
running configure, to aid debugging if configure makes a mistake.

It was created by libzen configure 0.4.41, which was
generated by GNU Autoconf 2.72.  Invocation command line was

  $ ./configure --enable-static --disable-shared

## --------- ##
## Platform. ##
## --------- ##

hostname = meowlgmdeMac-mini.local
uname -m = arm64
uname -r = 25.0.0
uname -s = Darwin
uname -v = Darwin Kernel Version 25.0.0: Mon Aug 25 21:17:45 PDT 2025; root:xnu-12377.1.9~3/RELEASE_ARM64_T8103

/usr/bin/uname -p = arm
/bin/uname -X     = unknown

/bin/arch              = unknown
/usr/bin/arch -k       = unknown
/usr/convex/getsysinfo = unknown
/usr/bin/hostinfo      = Mach kernel version:
	 Darwin Kernel Version 25.0.0: Mon Aug 25 21:17:45 PDT 2025; root:xnu-12377.1.9~3/RELEASE_ARM64_T8103
Kernel configured for up to 8 processors.
8 processors are physically available.
8 processors are logically available.
Processor type: arm64e (ARM64E)
Processors active: 0 1 2 3 4 5 6 7
Primary memory available: 16.00 gigabytes
Default processor set: 576 tasks, 3407 threads, 8 processors
Load average: 4.90, Mach factor: 3.50
/bin/machine           = unknown
/usr/bin/oslevel       = unknown
/bin/universe          = unknown

PATH: /opt/homebrew/bin/
PATH: /opt/homebrew/sbin/
PATH: /usr/local/bin/
PATH: /System/Cryptexes/App/usr/bin/
PATH: /usr/bin/
PATH: /bin/
PATH: /usr/sbin/
PATH: /sbin/
PATH: /var/run/com.apple.security.cryptexd/codex.system/bootstrap/usr/local/bin/
PATH: /var/run/com.apple.security.cryptexd/codex.system/bootstrap/usr/bin/
PATH: /var/run/com.apple.security.cryptexd/codex.system/bootstrap/usr/appleinternal/bin/
PATH: /Library/Apple/usr/bin/


## ----------- ##
## Core tests. ##
## ----------- ##

configure:2894: looking for aux files: ltmain.sh compile missing install-sh config.guess config.sub
configure:2907:  trying ./
configure:2936:   ./ltmain.sh found
configure:2936:   ./compile found
configure:2936:   ./missing found
configure:2918:   ./install-sh found
configure:2936:   ./config.guess found
configure:2936:   ./config.sub found
configure:3058: checking build system type
configure:3074: result: aarch64-apple-darwin25.0.0
configure:3111: checking for a BSD-compatible install
configure:3185: result: /usr/bin/install -c
configure:3196: checking whether sleep supports fractional seconds
configure:3212: result: yes
configure:3215: checking filesystem timestamp resolution
configure:3350: result: 2
configure:3355: checking whether build environment is sane
configure:3400: result: yes
configure:3571: checking for a race-free mkdir -p
configure:3614: result: mkdir -p
configure:3621: checking for gawk
configure:3657: result: no
configure:3621: checking for mawk
configure:3657: result: no
configure:3621: checking for nawk
configure:3657: result: no
configure:3621: checking for awk
configure:3642: found /usr/bin/awk
configure:3654: result: awk
configure:3665: checking whether make sets $(MAKE)
configure:3689: result: yes
configure:3715: checking whether make supports nested variables
configure:3734: result: yes
configure:3748: checking xargs -n works
configure:3764: result: yes
configure:3849: checking whether UID '501' is supported by ustar format
configure:3855: result: yes
configure:3862: checking whether GID '20' is supported by ustar format
configure:3868: result: yes
configure:3876: checking how to create a ustar tar archive
configure:3887: tar --version
bsdtar 3.5.3 - libarchive 3.7.4 zlib/1.2.12 liblzma/5.4.3 bz2lib/1.0.8 
configure:3890: $? = 0
configure:3930: tardir=conftest.dir && eval tar --format=ustar -chf - "$tardir" >conftest.tar
configure:3933: $? = 0
configure:3937: tar -xf - <conftest.tar
configure:3940: $? = 0
configure:3942: cat conftest.dir/file
GrepMe
configure:3945: $? = 0
configure:3960: result: gnutar
configure:4050: checking for gcc
configure:4083: result: clang
configure:4442: checking for C compiler version
configure:4451: clang --version >&5
Apple clang version 17.0.0 (clang-1700.3.19.1)
Target: arm64-apple-darwin25.0.0
Thread model: posix
InstalledDir: /Applications/Xcode.app/Contents/Developer/Toolchains/XcodeDefault.xctoolchain/usr/bin
configure:4462: $? = 0
configure:4451: clang -v >&5
Apple clang version 17.0.0 (clang-1700.3.19.1)
Target: arm64-apple-darwin25.0.0
Thread model: posix
InstalledDir: /Applications/Xcode.app/Contents/Developer/Toolchains/XcodeDefault.xctoolchain/usr/bin
configure:4462: $? = 0
configure:4451: clang -V >&5
clang: error: argument to '-V' is missing (expected 1 value)
clang: error: no input files
configure:4462: $? = 1
configure:4451: clang -qversion >&5
clang: error: unknown argument '-qversion'; did you mean '--version'?
clang: error: no input files
configure:4462: $? = 1
configure:4451: clang -version >&5
clang: error: unknown argument '-version'; did you mean '--version'?
clang: error: no input files
configure:4462: $? = 1
configure:4482: checking whether the C compiler works
configure:4504: clang -arch arm64 -mmacosx-version-min=10.13 -isysroot /Applications/Xcode.app/Contents/Developer/Platforms/MacOSX.platform/Developer/SDKs/MacOSX26.0.sdk  -arch arm64 -mmacosx-version-min=10.13 -isysroot /Applications/Xcode.app/Contents/Developer/Platforms/MacOSX.platform/Developer/SDKs/MacOSX26.0.sdk conftest.c  >&5
configure:4508: $? = 0
configure:4559: result: yes
configure:4563: checking for C compiler default output file name
configure:4565: result: a.out
configure:4571: checking for suffix of executables
configure:4578: clang -o conftest -arch arm64 -mmacosx-version-min=10.13 -isysroot /Applications/Xcode.app/Contents/Developer/Platforms/MacOSX.platform/Developer/SDKs/MacOSX26.0.sdk  -arch arm64 -mmacosx-version-min=10.13 -isysroot /Applications/Xcode.app/Contents/Developer/Platforms/MacOSX.platform/Developer/SDKs/MacOSX26.0.sdk conftest.c  >&5
configure:4582: $? = 0
configure:4606: result: 
configure:4630: checking whether we are cross compiling
configure:4638: clang -o conftest -arch arm64 -mmacosx-version-min=10.13 -isysroot /Applications/Xcode.app/Contents/Developer/Platforms/MacOSX.platform/Developer/SDKs/MacOSX26.0.sdk  -arch arm64 -mmacosx-version-min=10.13 -isysroot /Applications/Xcode.app/Contents/Developer/Platforms/MacOSX.platform/Developer/SDKs/MacOSX26.0.sdk conftest.c  >&5
configure:4642: $? = 0
configure:4649: ./conftest
configure:4653: $? = 0
configure:4668: result: no
configure:4674: checking for suffix of object files
configure:4697: clang -c -arch arm64 -mmacosx-version-min=10.13 -isysroot /Applications/Xcode.app/Contents/Developer/Platforms/MacOSX.platform/Developer/SDKs/MacOSX26.0.sdk  conftest.c >&5
configure:4701: $? = 0
configure:4725: result: o
configure:4729: checking whether the compiler supports GNU C
configure:4749: clang -c -arch arm64 -mmacosx-version-min=10.13 -isysroot /Applications/Xcode.app/Contents/Developer/Platforms/MacOSX.platform/Developer/SDKs/MacOSX26.0.sdk  conftest.c >&5
configure:4749: $? = 0
configure:4761: result: yes
configure:4772: checking whether clang accepts -g
configure:4793: clang -c -g  conftest.c >&5
configure:4793: $? = 0
configure:4840: result: yes
configure:4860: checking for clang option to enable C11 features
configure:4875: clang  -c -arch arm64 -mmacosx-version-min=10.13 -isysroot /Applications/Xcode.app/Contents/Developer/Platforms/MacOSX.platform/Developer/SDKs/MacOSX26.0.sdk  conftest.c >&5
configure:4875: $? = 0
configure:4894: result: none needed
configure:5018: checking whether clang understands -c and -o together
configure:5041: clang -c conftest.c -o conftest2.o
configure:5044: $? = 0
configure:5041: clang -c conftest.c -o conftest2.o
configure:5044: $? = 0
configure:5060: result: yes
configure:5080: checking whether make supports the include directive
configure:5095: make -f confmf.GNU && cat confinc.out
this is the am__doit target
configure:5098: $? = 0
configure:5117: result: yes (GNU style)
configure:5143: checking dependency style of clang
configure:5256: result: gcc3
configure:5401: checking for C++ compiler version
configure:5410: clang++ --version >&5
Apple clang version 17.0.0 (clang-1700.3.19.1)
Target: arm64-apple-darwin25.0.0
Thread model: posix
InstalledDir: /Applications/Xcode.app/Contents/Developer/Toolchains/XcodeDefault.xctoolchain/usr/bin
configure:5421: $? = 0
configure:5410: clang++ -v >&5
Apple clang version 17.0.0 (clang-1700.3.19.1)
Target: arm64-apple-darwin25.0.0
Thread model: posix
InstalledDir: /Applications/Xcode.app/Contents/Developer/Toolchains/XcodeDefault.xctoolchain/usr/bin
configure:5421: $? = 0
configure:5410: clang++ -V >&5
clang++: error: argument to '-V' is missing (expected 1 value)
clang++: error: no input files
configure:5421: $? = 1
configure:5410: clang++ -qversion >&5
clang++: error: unknown argument '-qversion'; did you mean '--version'?
clang++: error: no input files
configure:5421: $? = 1
configure:5425: checking whether the compiler supports GNU C++
configure:5445: clang++ -c -arch arm64 -mmacosx-version-min=10.13 -isysroot /Applications/Xcode.app/Contents/Developer/Platforms/MacOSX.platform/Developer/SDKs/MacOSX26.0.sdk  conftest.cpp >&5
configure:5445: $? = 0
configure:5457: result: yes
configure:5468: checking whether clang++ accepts -g
configure:5489: clang++ -c -g  conftest.cpp >&5
configure:5489: $? = 0
configure:5536: result: yes
configure:5556: checking for clang++ option to enable C++11 features
configure:5571: clang++  -c -arch arm64 -mmacosx-version-min=10.13 -isysroot /Applications/Xcode.app/Contents/Developer/Platforms/MacOSX.platform/Developer/SDKs/MacOSX26.0.sdk  conftest.cpp >&5
conftest.cpp:177:25: warning: empty parentheses interpreted as a function declaration [-Wvexing-parse]
  177 |   cxx11test::delegate d2();
      |                         ^~
conftest.cpp:177:25: note: remove parentheses to declare a variable
  177 |   cxx11test::delegate d2();
      |                         ^~
1 warning generated.
configure:5571: $? = 0
configure:5590: result: none needed
configure:5661: checking dependency style of clang++
configure:5774: result: gcc3
configure:5794: checking how to run the C preprocessor
configure:5820: clang -E  conftest.c
configure:5820: $? = 0
configure:5836: clang -E  conftest.c
conftest.c:11:10: fatal error: 'ac_nonexistent.h' file not found
   11 | #include <ac_nonexistent.h>
      |          ^~~~~~~~~~~~~~~~~~
1 error generated.
configure:5836: $? = 1
configure: failed program was:
| /* confdefs.h */
| #define PACKAGE_NAME "libzen"
| #define PACKAGE_TARNAME "libzen"
| #define PACKAGE_VERSION "0.4.41"
| #define PACKAGE_STRING "libzen 0.4.41"
| #define PACKAGE_BUGREPORT ""
| #define PACKAGE_URL ""
| #define PACKAGE "libzen"
| #define VERSION "0.4.41"
| /* end confdefs.h.  */
| #include <ac_nonexistent.h>
configure:5865: result: clang -E
configure:5879: clang -E  conftest.c
configure:5879: $? = 0
configure:5895: clang -E  conftest.c
conftest.c:11:10: fatal error: 'ac_nonexistent.h' file not found
   11 | #include <ac_nonexistent.h>
      |          ^~~~~~~~~~~~~~~~~~
1 error generated.
configure:5895: $? = 1
configure: failed program was:
| /* confdefs.h */
| #define PACKAGE_NAME "libzen"
| #define PACKAGE_TARNAME "libzen"
| #define PACKAGE_VERSION "0.4.41"
| #define PACKAGE_STRING "libzen 0.4.41"
| #define PACKAGE_BUGREPORT ""
| #define PACKAGE_URL ""
| #define PACKAGE "libzen"
| #define VERSION "0.4.41"
| /* end confdefs.h.  */
| #include <ac_nonexistent.h>
configure:5960: checking host system type
configure:5975: result: aarch64-apple-darwin25.0.0
configure:6381: checking how to print strings
configure:6408: result: printf
configure:6429: checking for a sed that does not truncate output
configure:6501: result: /usr/bin/sed
configure:6519: checking for grep that handles long lines and -e
configure:6585: result: /usr/bin/grep
configure:6590: checking for egrep
configure:6660: result: /usr/bin/grep -E
configure:6667: checking for fgrep
configure:6737: result: /usr/bin/grep -F
configure:6774: checking for ld used by clang
configure:6843: result: /Applications/Xcode.app/Contents/Developer/Toolchains/XcodeDefault.xctoolchain/usr/bin/ld
configure:6850: checking if the linker (/Applications/Xcode.app/Contents/Developer/Toolchains/XcodeDefault.xctoolchain/usr/bin/ld) is GNU ld
configure:6867: result: no
configure:6879: checking for BSD- or MS-compatible name lister (nm)
configure:6935: result: /usr/bin/nm -B
configure:7077: checking the name lister (/usr/bin/nm -B) interface
configure:7085: clang -c -arch arm64 -mmacosx-version-min=10.13 -isysroot /Applications/Xcode.app/Contents/Developer/Platforms/MacOSX.platform/Developer/SDKs/MacOSX26.0.sdk  conftest.c >&5
configure:7088: /usr/bin/nm -B "conftest.o"
configure:7091: output
0000000000000000 S _some_variable
0000000000000000 t ltmp0
0000000000000000 s ltmp1
configure:7099: result: BSD nm
configure:7102: checking whether ln -s works
configure:7106: result: yes
configure:7114: checking the maximum length of command line arguments
configure:7247: result: 786432
configure:7295: checking how to convert aarch64-apple-darwin25.0.0 file names to aarch64-apple-darwin25.0.0 format
configure:7337: result: func_convert_file_noop
configure:7344: checking how to convert aarch64-apple-darwin25.0.0 file names to toolchain format
configure:7366: result: func_convert_file_noop
configure:7373: checking for /Applications/Xcode.app/Contents/Developer/Toolchains/XcodeDefault.xctoolchain/usr/bin/ld option to reload object files
configure:7382: result: -r
configure:7415: checking for file
configure:7436: found /usr/bin/file
configure:7449: result: file
configure:7512: checking for objdump
configure:7545: result: objdump
configure:7574: checking how to recognize dependent libraries
configure:7783: result: pass_all
configure:7874: checking for dlltool
configure:7907: result: dlltool
configure:7937: checking how to associate runtime and link libraries
configure:7966: result: printf %s\n
configure:8027: checking for ranlib
configure:8048: found /usr/bin/ranlib
configure:8060: result: ranlib
configure:8137: checking for ar
configure:8158: found /usr/bin/ar
configure:8170: result: ar
configure:8223: checking for archiver @FILE support
configure:8241: clang -c -arch arm64 -mmacosx-version-min=10.13 -isysroot /Applications/Xcode.app/Contents/Developer/Platforms/MacOSX.platform/Developer/SDKs/MacOSX26.0.sdk  conftest.c >&5
configure:8241: $? = 0
configure:8245: ar cr libconftest.a @conftest.lst >&5
ar: @conftest.lst: No such file or directory
configure:8248: $? = 1
configure:8269: result: no
configure:8333: checking for strip
configure:8354: found /usr/bin/strip
configure:8366: result: strip
configure:8469: checking command to parse /usr/bin/nm -B output from clang object
configure:8623: clang -c -arch arm64 -mmacosx-version-min=10.13 -isysroot /Applications/Xcode.app/Contents/Developer/Platforms/MacOSX.platform/Developer/SDKs/MacOSX26.0.sdk  conftest.c >&5
configure:8626: $? = 0
configure:8630: /usr/bin/nm -B conftest.o | /usr/bin/sed -n -e 's/^.*[	 ]\([ABCDGIRSTW][ABCDGIRSTW]*\)[	 ][	 ]*\([_A-Za-z][_A-Za-z0-9]*\)$/\1 \2 \2/p' | /usr/bin/sed '/ __gnu_lto/d' > conftest.nm
cannot find nm_test_var in conftest.nm
configure:8623: clang -c -arch arm64 -mmacosx-version-min=10.13 -isysroot /Applications/Xcode.app/Contents/Developer/Platforms/MacOSX.platform/Developer/SDKs/MacOSX26.0.sdk  conftest.c >&5
configure:8626: $? = 0
configure:8630: /usr/bin/nm -B conftest.o | /usr/bin/sed -n -e 's/^.*[	 ]\([ABCDGIRSTW][ABCDGIRSTW]*\)[	 ][	 ]*_\([_A-Za-z][_A-Za-z0-9]*\)$/\1 _\2 \2/p' | /usr/bin/sed '/ __gnu_lto/d' > conftest.nm
configure:8696: clang -o conftest -arch arm64 -mmacosx-version-min=10.13 -isysroot /Applications/Xcode.app/Contents/Developer/Platforms/MacOSX.platform/Developer/SDKs/MacOSX26.0.sdk  -arch arm64 -mmacosx-version-min=10.13 -isysroot /Applications/Xcode.app/Contents/Developer/Platforms/MacOSX.platform/Developer/SDKs/MacOSX26.0.sdk conftest.c conftstm.o >&5
configure:8699: $? = 0
configure:8738: result: ok
configure:8785: checking for sysroot
configure:8819: result: no
configure:8826: checking for a working dd
configure:8871: result: /bin/dd
configure:8875: checking how to truncate binary pipes
configure:8892: result: /bin/dd bs=4096 count=1
configure:9232: checking for mt
configure:9268: result: no
configure:9288: checking if : is a manifest tool
configure:9295: : '-?'
configure:9304: result: no
configure:9366: checking for dsymutil
configure:9387: found /usr/bin/dsymutil
configure:9399: result: dsymutil
configure:9470: checking for nmedit
configure:9491: found /usr/bin/nmedit
configure:9503: result: nmedit
configure:9574: checking for lipo
configure:9595: found /usr/bin/lipo
configure:9607: result: lipo
configure:9678: checking for otool
configure:9699: found /usr/bin/otool
configure:9711: result: otool
configure:9782: checking for otool64
configure:9818: result: no
configure:9863: checking for -single_module linker flag
clang -arch arm64 -mmacosx-version-min=10.13 -isysroot /Applications/Xcode.app/Contents/Developer/Platforms/MacOSX.platform/Developer/SDKs/MacOSX26.0.sdk -arch arm64 -mmacosx-version-min=10.13 -isysroot /Applications/Xcode.app/Contents/Developer/Platforms/MacOSX.platform/Developer/SDKs/MacOSX26.0.sdk -o libconftest.dylib -dynamiclib -Wl,-single_module conftest.c
ld: warning: -single_module is obsolete
configure:9898: result: no
configure:9903: checking for -no_fixup_chains linker flag
configure:9922: clang -o conftest -arch arm64 -mmacosx-version-min=10.13 -isysroot /Applications/Xcode.app/Contents/Developer/Platforms/MacOSX.platform/Developer/SDKs/MacOSX26.0.sdk  -arch arm64 -mmacosx-version-min=10.13 -isysroot /Applications/Xcode.app/Contents/Developer/Platforms/MacOSX.platform/Developer/SDKs/MacOSX26.0.sdk -Wl,-no_fixup_chains conftest.c  >&5
configure:9922: $? = 0
configure:9937: result: yes
configure:9940: checking for -exported_symbols_list linker flag
configure:9961: clang -o conftest -arch arm64 -mmacosx-version-min=10.13 -isysroot /Applications/Xcode.app/Contents/Developer/Platforms/MacOSX.platform/Developer/SDKs/MacOSX26.0.sdk  -arch arm64 -mmacosx-version-min=10.13 -isysroot /Applications/Xcode.app/Contents/Developer/Platforms/MacOSX.platform/Developer/SDKs/MacOSX26.0.sdk -Wl,-exported_symbols_list,conftest.sym conftest.c  >&5
configure:9961: $? = 0
configure:9974: result: yes
configure:9977: checking for -force_load linker flag
clang -arch arm64 -mmacosx-version-min=10.13 -isysroot /Applications/Xcode.app/Contents/Developer/Platforms/MacOSX.platform/Developer/SDKs/MacOSX26.0.sdk -c -o conftest.o conftest.c
ar cr libconftest.a conftest.o
ranlib libconftest.a
clang -arch arm64 -mmacosx-version-min=10.13 -isysroot /Applications/Xcode.app/Contents/Developer/Platforms/MacOSX.platform/Developer/SDKs/MacOSX26.0.sdk -arch arm64 -mmacosx-version-min=10.13 -isysroot /Applications/Xcode.app/Contents/Developer/Platforms/MacOSX.platform/Developer/SDKs/MacOSX26.0.sdk -o conftest conftest.c -Wl,-force_load,./libconftest.a
configure:10011: result: yes
configure:10101: checking for stdio.h
configure:10101: clang -c -arch arm64 -mmacosx-version-min=10.13 -isysroot /Applications/Xcode.app/Contents/Developer/Platforms/MacOSX.platform/Developer/SDKs/MacOSX26.0.sdk  conftest.c >&5
configure:10101: $? = 0
configure:10101: result: yes
configure:10101: checking for stdlib.h
configure:10101: clang -c -arch arm64 -mmacosx-version-min=10.13 -isysroot /Applications/Xcode.app/Contents/Developer/Platforms/MacOSX.platform/Developer/SDKs/MacOSX26.0.sdk  conftest.c >&5
configure:10101: $? = 0
configure:10101: result: yes
configure:10101: checking for string.h
configure:10101: clang -c -arch arm64 -mmacosx-version-min=10.13 -isysroot /Applications/Xcode.app/Contents/Developer/Platforms/MacOSX.platform/Developer/SDKs/MacOSX26.0.sdk  conftest.c >&5
configure:10101: $? = 0
configure:10101: result: yes
configure:10101: checking for inttypes.h
configure:10101: clang -c -arch arm64 -mmacosx-version-min=10.13 -isysroot /Applications/Xcode.app/Contents/Developer/Platforms/MacOSX.platform/Developer/SDKs/MacOSX26.0.sdk  conftest.c >&5
configure:10101: $? = 0
configure:10101: result: yes
configure:10101: checking for stdint.h
configure:10101: clang -c -arch arm64 -mmacosx-version-min=10.13 -isysroot /Applications/Xcode.app/Contents/Developer/Platforms/MacOSX.platform/Developer/SDKs/MacOSX26.0.sdk  conftest.c >&5
configure:10101: $? = 0
configure:10101: result: yes
configure:10101: checking for strings.h
configure:10101: clang -c -arch arm64 -mmacosx-version-min=10.13 -isysroot /Applications/Xcode.app/Contents/Developer/Platforms/MacOSX.platform/Developer/SDKs/MacOSX26.0.sdk  conftest.c >&5
configure:10101: $? = 0
configure:10101: result: yes
configure:10101: checking for sys/stat.h
configure:10101: clang -c -arch arm64 -mmacosx-version-min=10.13 -isysroot /Applications/Xcode.app/Contents/Developer/Platforms/MacOSX.platform/Developer/SDKs/MacOSX26.0.sdk  conftest.c >&5
configure:10101: $? = 0
configure:10101: result: yes
configure:10101: checking for sys/types.h
configure:10101: clang -c -arch arm64 -mmacosx-version-min=10.13 -isysroot /Applications/Xcode.app/Contents/Developer/Platforms/MacOSX.platform/Developer/SDKs/MacOSX26.0.sdk  conftest.c >&5
configure:10101: $? = 0
configure:10101: result: yes
configure:10101: checking for unistd.h
configure:10101: clang -c -arch arm64 -mmacosx-version-min=10.13 -isysroot /Applications/Xcode.app/Contents/Developer/Platforms/MacOSX.platform/Developer/SDKs/MacOSX26.0.sdk  conftest.c >&5
configure:10101: $? = 0
configure:10101: result: yes
configure:10126: checking for dlfcn.h
configure:10126: clang -c -arch arm64 -mmacosx-version-min=10.13 -isysroot /Applications/Xcode.app/Contents/Developer/Platforms/MacOSX.platform/Developer/SDKs/MacOSX26.0.sdk  conftest.c >&5
configure:10126: $? = 0
configure:10126: result: yes
configure:10406: checking for objdir
configure:10423: result: .libs
configure:10685: checking if clang supports -fno-rtti -fno-exceptions
configure:10704: clang -c -arch arm64 -mmacosx-version-min=10.13 -isysroot /Applications/Xcode.app/Contents/Developer/Platforms/MacOSX.platform/Developer/SDKs/MacOSX26.0.sdk  -fno-rtti -fno-exceptions conftest.c >&5
configure:10708: $? = 0
configure:10722: result: yes
configure:11095: checking for clang option to produce PIC
configure:11104: result: -fno-common -DPIC
configure:11112: checking if clang PIC flag -fno-common -DPIC works
configure:11131: clang -c -arch arm64 -mmacosx-version-min=10.13 -isysroot /Applications/Xcode.app/Contents/Developer/Platforms/MacOSX.platform/Developer/SDKs/MacOSX26.0.sdk  -fno-common -DPIC -DPIC conftest.c >&5
configure:11135: $? = 0
configure:11149: result: yes
configure:11178: checking if clang static flag -static works
configure:11208: result: no
configure:11223: checking if clang supports -c -o file.o
configure:11245: clang -c -arch arm64 -mmacosx-version-min=10.13 -isysroot /Applications/Xcode.app/Contents/Developer/Platforms/MacOSX.platform/Developer/SDKs/MacOSX26.0.sdk  -o out/conftest2.o conftest.c >&5
configure:11249: $? = 0
configure:11272: result: yes
configure:11280: checking if clang supports -c -o file.o
configure:11329: result: yes
configure:11362: checking whether the clang linker (/Applications/Xcode.app/Contents/Developer/Toolchains/XcodeDefault.xctoolchain/usr/bin/ld) supports shared libraries
configure:12646: result: yes
configure:12888: checking dynamic linker characteristics
configure:14272: result: darwin25.0.0 dyld
configure:14394: checking how to hardcode library paths into programs
configure:14419: result: immediate
configure:15019: checking whether stripping libraries is possible
configure:15036: result: yes
configure:15070: checking if libtool supports shared libraries
configure:15072: result: yes
configure:15075: checking whether to build shared libraries
configure:15100: result: no
configure:15103: checking whether to build static libraries
configure:15107: result: yes
configure:15130: checking how to run the C++ preprocessor
configure:15152: clang++ -E  conftest.cpp
configure:15152: $? = 0
configure:15168: clang++ -E  conftest.cpp
conftest.cpp:23:10: fatal error: 'ac_nonexistent.h' file not found
   23 | #include <ac_nonexistent.h>
      |          ^~~~~~~~~~~~~~~~~~
1 error generated.
configure:15168: $? = 1
configure: failed program was:
| /* confdefs.h */
| #define PACKAGE_NAME "libzen"
| #define PACKAGE_TARNAME "libzen"
| #define PACKAGE_VERSION "0.4.41"
| #define PACKAGE_STRING "libzen 0.4.41"
| #define PACKAGE_BUGREPORT ""
| #define PACKAGE_URL ""
| #define PACKAGE "libzen"
| #define VERSION "0.4.41"
| #define HAVE_STDIO_H 1
| #define HAVE_STDLIB_H 1
| #define HAVE_STRING_H 1
| #define HAVE_INTTYPES_H 1
| #define HAVE_STDINT_H 1
| #define HAVE_STRINGS_H 1
| #define HAVE_SYS_STAT_H 1
| #define HAVE_SYS_TYPES_H 1
| #define HAVE_UNISTD_H 1
| #define STDC_HEADERS 1
| #define HAVE_DLFCN_H 1
| #define LT_OBJDIR ".libs/"
| /* end confdefs.h.  */
| #include <ac_nonexistent.h>
configure:15197: result: clang++ -E
configure:15211: clang++ -E  conftest.cpp
configure:15211: $? = 0
configure:15227: clang++ -E  conftest.cpp
conftest.cpp:23:10: fatal error: 'ac_nonexistent.h' file not found
   23 | #include <ac_nonexistent.h>
      |          ^~~~~~~~~~~~~~~~~~
1 error generated.
configure:15227: $? = 1
configure: failed program was:
| /* confdefs.h */
| #define PACKAGE_NAME "libzen"
| #define PACKAGE_TARNAME "libzen"
| #define PACKAGE_VERSION "0.4.41"
| #define PACKAGE_STRING "libzen 0.4.41"
| #define PACKAGE_BUGREPORT ""
| #define PACKAGE_URL ""
| #define PACKAGE "libzen"
| #define VERSION "0.4.41"
| #define HAVE_STDIO_H 1
| #define HAVE_STDLIB_H 1
| #define HAVE_STRING_H 1
| #define HAVE_INTTYPES_H 1
| #define HAVE_STDINT_H 1
| #define HAVE_STRINGS_H 1
| #define HAVE_SYS_STAT_H 1
| #define HAVE_SYS_TYPES_H 1
| #define HAVE_UNISTD_H 1
| #define STDC_HEADERS 1
| #define HAVE_DLFCN_H 1
| #define LT_OBJDIR ".libs/"
| /* end confdefs.h.  */
| #include <ac_nonexistent.h>
configure:15395: checking for ld used by clang++
configure:15464: result: /Applications/Xcode.app/Contents/Developer/Toolchains/XcodeDefault.xctoolchain/usr/bin/ld
configure:15471: checking if the linker (/Applications/Xcode.app/Contents/Developer/Toolchains/XcodeDefault.xctoolchain/usr/bin/ld) is GNU ld
configure:15488: result: no
configure:15542: checking whether the clang++ linker (/Applications/Xcode.app/Contents/Developer/Toolchains/XcodeDefault.xctoolchain/usr/bin/ld) supports shared libraries
configure:16630: result: yes
configure:16666: clang++ -c -arch arm64 -mmacosx-version-min=10.13 -isysroot /Applications/Xcode.app/Contents/Developer/Platforms/MacOSX.platform/Developer/SDKs/MacOSX26.0.sdk  conftest.cpp >&5
configure:16669: $? = 0
configure:17155: checking for clang++ option to produce PIC
configure:17164: result: -fno-common -DPIC
configure:17172: checking if clang++ PIC flag -fno-common -DPIC works
configure:17191: clang++ -c -arch arm64 -mmacosx-version-min=10.13 -isysroot /Applications/Xcode.app/Contents/Developer/Platforms/MacOSX.platform/Developer/SDKs/MacOSX26.0.sdk  -fno-common -DPIC -DPIC conftest.cpp >&5
configure:17195: $? = 0
configure:17209: result: yes
configure:17232: checking if clang++ static flag -static works
configure:17262: result: no
configure:17274: checking if clang++ supports -c -o file.o
configure:17296: clang++ -c -arch arm64 -mmacosx-version-min=10.13 -isysroot /Applications/Xcode.app/Contents/Developer/Platforms/MacOSX.platform/Developer/SDKs/MacOSX26.0.sdk  -o out/conftest2.o conftest.cpp >&5
configure:17300: $? = 0
configure:17323: result: yes
configure:17328: checking if clang++ supports -c -o file.o
configure:17377: result: yes
configure:17407: checking whether the clang++ linker (/Applications/Xcode.app/Contents/Developer/Toolchains/XcodeDefault.xctoolchain/usr/bin/ld) supports shared libraries
configure:17447: result: yes
configure:17590: checking dynamic linker characteristics
configure:18884: result: darwin25.0.0 dyld
configure:18949: checking how to hardcode library paths into programs
configure:18974: result: immediate
configure:19323: clang++ -c -arch arm64 -mmacosx-version-min=10.13 -isysroot /Applications/Xcode.app/Contents/Developer/Platforms/MacOSX.platform/Developer/SDKs/MacOSX26.0.sdk -DUNICODE -D_LARGE_FILES -D_FILE_OFFSET_BITS=64  conftest.cpp >&5
conftest.cpp:27:15: error: call to 'foo' is ambiguous
   27 |         int main () {foo(size_t(0)); return 0;}
      |                      ^~~
conftest.cpp:25:7: note: candidate function
   25 |         void foo(signed int) {}
      |              ^
conftest.cpp:26:7: note: candidate function
   26 |         void foo(unsigned int) {}
      |              ^
1 error generated.
configure:19323: $? = 1
configure: failed program was:
| /* confdefs.h */
| #define PACKAGE_NAME "libzen"
| #define PACKAGE_TARNAME "libzen"
| #define PACKAGE_VERSION "0.4.41"
| #define PACKAGE_STRING "libzen 0.4.41"
| #define PACKAGE_BUGREPORT ""
| #define PACKAGE_URL ""
| #define PACKAGE "libzen"
| #define VERSION "0.4.41"
| #define HAVE_STDIO_H 1
| #define HAVE_STDLIB_H 1
| #define HAVE_STRING_H 1
| #define HAVE_INTTYPES_H 1
| #define HAVE_STDINT_H 1
| #define HAVE_STRINGS_H 1
| #define HAVE_SYS_STAT_H 1
| #define HAVE_SYS_TYPES_H 1
| #define HAVE_UNISTD_H 1
| #define STDC_HEADERS 1
| #define HAVE_DLFCN_H 1
| #define LT_OBJDIR ".libs/"
| /* end confdefs.h.  */
| 
| 	#include <cstdlib>
| 	void foo(signed int) {}
| 	void foo(unsigned int) {}
| 	int main () {foo(size_t(0)); return 0;}
configure:19346: clang++ -c -arch arm64 -mmacosx-version-min=10.13 -isysroot /Applications/Xcode.app/Contents/Developer/Platforms/MacOSX.platform/Developer/SDKs/MacOSX26.0.sdk -DUNICODE -D_LARGE_FILES -D_FILE_OFFSET_BITS=64  conftest.cpp >&5
configure:19346: $? = 0
configure:19373: clang++ -c -arch arm64 -mmacosx-version-min=10.13 -isysroot /Applications/Xcode.app/Contents/Developer/Platforms/MacOSX.platform/Developer/SDKs/MacOSX26.0.sdk -DUNICODE -D_LARGE_FILES -D_FILE_OFFSET_BITS=64 -DSIZE_T_IS_LONG  conftest.cpp >&5
configure:19373: $? = 0
configure:19426: checking for gmtime_r
configure:19426: clang++ -o conftest -arch arm64 -mmacosx-version-min=10.13 -isysroot /Applications/Xcode.app/Contents/Developer/Platforms/MacOSX.platform/Developer/SDKs/MacOSX26.0.sdk -DUNICODE -D_LARGE_FILES -D_FILE_OFFSET_BITS=64 -DSIZE_T_IS_LONG -fPIC -O2  -arch arm64 -mmacosx-version-min=10.13 -isysroot /Applications/Xcode.app/Contents/Developer/Platforms/MacOSX.platform/Developer/SDKs/MacOSX26.0.sdk -fPIC -lpthread conftest.cpp  >&5
configure:19426: $? = 0
configure:19426: result: yes
configure:19432: checking for localtime_r
configure:19432: clang++ -o conftest -arch arm64 -mmacosx-version-min=10.13 -isysroot /Applications/Xcode.app/Contents/Developer/Platforms/MacOSX.platform/Developer/SDKs/MacOSX26.0.sdk -DUNICODE -D_LARGE_FILES -D_FILE_OFFSET_BITS=64 -DSIZE_T_IS_LONG -fPIC -O2  -arch arm64 -mmacosx-version-min=10.13 -isysroot /Applications/Xcode.app/Contents/Developer/Platforms/MacOSX.platform/Developer/SDKs/MacOSX26.0.sdk -fPIC -lpthread conftest.cpp  >&5
configure:19432: $? = 0
configure:19432: result: yes
configure:19597: checking that generated files are newer than configure
configure:19603: result: done
configure:19642: creating ./config.status

## ---------------------- ##
## Running config.status. ##
## ---------------------- ##

This file was extended by libzen config.status 0.4.41, which was
generated by GNU Autoconf 2.72.  Invocation command line was

  CONFIG_FILES    = 
  CONFIG_HEADERS  = 
  CONFIG_LINKS    = 
  CONFIG_COMMANDS = 
  $ ./config.status 

on meowlgmdeMac-mini.local

config.status:1084: creating libzen-config
config.status:1084: creating libzen.pc
config.status:1084: creating Makefile
config.status:1256: executing depfiles commands
config.status:1333: cd .       && sed -e '/# am--include-marker/d' Makefile         | make -f - am--depfiles
config.status:1338: $? = 0
config.status:1256: executing libtool commands

## ---------------- ##
## Cache variables. ##
## ---------------- ##

ac_cv_build=aarch64-apple-darwin25.0.0
ac_cv_c_compiler_gnu=yes
ac_cv_cxx_compiler_gnu=yes
ac_cv_env_CCC_set=
ac_cv_env_CCC_value=
ac_cv_env_CC_set=set
ac_cv_env_CC_value=clang
ac_cv_env_CFLAGS_set=set
ac_cv_env_CFLAGS_value='-arch arm64 -mmacosx-version-min=10.13 -isysroot /Applications/Xcode.app/Contents/Developer/Platforms/MacOSX.platform/Developer/SDKs/MacOSX26.0.sdk'
ac_cv_env_CPPFLAGS_set=
ac_cv_env_CPPFLAGS_value=
ac_cv_env_CPP_set=
ac_cv_env_CPP_value=
ac_cv_env_CXXCPP_set=
ac_cv_env_CXXCPP_value=
ac_cv_env_CXXFLAGS_set=set
ac_cv_env_CXXFLAGS_value='-arch arm64 -mmacosx-version-min=10.13 -isysroot /Applications/Xcode.app/Contents/Developer/Platforms/MacOSX.platform/Developer/SDKs/MacOSX26.0.sdk'
ac_cv_env_CXX_set=set
ac_cv_env_CXX_value=clang++
ac_cv_env_LDFLAGS_set=set
ac_cv_env_LDFLAGS_value='-arch arm64 -mmacosx-version-min=10.13 -isysroot /Applications/Xcode.app/Contents/Developer/Platforms/MacOSX.platform/Developer/SDKs/MacOSX26.0.sdk'
ac_cv_env_LIBS_set=
ac_cv_env_LIBS_value=
ac_cv_env_LT_SYS_LIBRARY_PATH_set=
ac_cv_env_LT_SYS_LIBRARY_PATH_value=
ac_cv_env_build_alias_set=
ac_cv_env_build_alias_value=
ac_cv_env_host_alias_set=
ac_cv_env_host_alias_value=
ac_cv_env_target_alias_set=
ac_cv_env_target_alias_value=
ac_cv_func_gmtime_r=yes
ac_cv_func_localtime_r=yes
ac_cv_header_dlfcn_h=yes
ac_cv_header_inttypes_h=yes
ac_cv_header_stdint_h=yes
ac_cv_header_stdio_h=yes
ac_cv_header_stdlib_h=yes
ac_cv_header_string_h=yes
ac_cv_header_strings_h=yes
ac_cv_header_sys_stat_h=yes
ac_cv_header_sys_types_h=yes
ac_cv_header_unistd_h=yes
ac_cv_host=aarch64-apple-darwin25.0.0
ac_cv_objext=o
ac_cv_path_EGREP='/usr/bin/grep -E'
ac_cv_path_EGREP_TRADITIONAL='/usr/bin/grep -E'
ac_cv_path_FGREP='/usr/bin/grep -F'
ac_cv_path_GREP=/usr/bin/grep
ac_cv_path_SED=/usr/bin/sed
ac_cv_path_install='/usr/bin/install -c'
ac_cv_path_lt_DD=/bin/dd
ac_cv_prog_AWK=awk
ac_cv_prog_CPP='clang -E'
ac_cv_prog_CXXCPP='clang++ -E'
ac_cv_prog_FILECMD=file
ac_cv_prog_ac_ct_AR=ar
ac_cv_prog_ac_ct_CC=clang
ac_cv_prog_ac_ct_DLLTOOL=dlltool
ac_cv_prog_ac_ct_DSYMUTIL=dsymutil
ac_cv_prog_ac_ct_LIPO=lipo
ac_cv_prog_ac_ct_NMEDIT=nmedit
ac_cv_prog_ac_ct_OBJDUMP=objdump
ac_cv_prog_ac_ct_OTOOL=otool
ac_cv_prog_ac_ct_RANLIB=ranlib
ac_cv_prog_ac_ct_STRIP=strip
ac_cv_prog_cc_c11=
ac_cv_prog_cc_g=yes
ac_cv_prog_cc_stdc=
ac_cv_prog_cxx_cxx11=
ac_cv_prog_cxx_g=yes
ac_cv_prog_cxx_stdcxx=
ac_cv_prog_make_make_set=yes
am_cv_CC_dependencies_compiler_type=gcc3
am_cv_CXX_dependencies_compiler_type=gcc3
am_cv_filesystem_timestamp_resolution=2
am_cv_make_support_nested_variables=yes
am_cv_prog_cc_c_o=yes
am_cv_prog_tar_ustar=gnutar
am_cv_sleep_fractional_seconds=yes
am_cv_xargs_n_works=yes
lt_cv_apple_cc_single_mod=no
lt_cv_ar_at_file=no
lt_cv_deplibs_check_method=pass_all
lt_cv_file_magic_cmd='$MAGIC_CMD'
lt_cv_file_magic_test_file=
lt_cv_ld_exported_symbols_list=yes
lt_cv_ld_force_load=yes
lt_cv_ld_reload_flag=-r
lt_cv_nm_interface='BSD nm'
lt_cv_objdir=.libs
lt_cv_path_LD=/Applications/Xcode.app/Contents/Developer/Toolchains/XcodeDefault.xctoolchain/usr/bin/ld
lt_cv_path_LDCXX=/Applications/Xcode.app/Contents/Developer/Toolchains/XcodeDefault.xctoolchain/usr/bin/ld
lt_cv_path_NM='/usr/bin/nm -B'
lt_cv_path_manifest_tool=no
lt_cv_prog_compiler_c_o=yes
lt_cv_prog_compiler_c_o_CXX=yes
lt_cv_prog_compiler_pic='-fno-common -DPIC'
lt_cv_prog_compiler_pic_CXX='-fno-common -DPIC'
lt_cv_prog_compiler_pic_works=yes
lt_cv_prog_compiler_pic_works_CXX=yes
lt_cv_prog_compiler_rtti_exceptions=yes
lt_cv_prog_compiler_static_works=no
lt_cv_prog_compiler_static_works_CXX=no
lt_cv_prog_gnu_ld=no
lt_cv_prog_gnu_ldcxx=no
lt_cv_sharedlib_from_linklib_cmd='printf %s\n'
lt_cv_support_no_fixup_chains=yes
lt_cv_sys_global_symbol_pipe='/usr/bin/sed -n -e '\''s/^.*[	 ]\([ABCDGIRSTW][ABCDGIRSTW]*\)[	 ][	 ]*_\([_A-Za-z][_A-Za-z0-9]*\)$/\1 _\2 \2/p'\'' | /usr/bin/sed '\''/ __gnu_lto/d'\'''
lt_cv_sys_global_symbol_to_c_name_address='/usr/bin/sed -n -e '\''s/^: \(.*\) .*$/  {"\1", (void *) 0},/p'\'' -e '\''s/^[ABCDGIRSTW][ABCDGIRSTW]* .* \(.*\)$/  {"\1", (void *) \&\1},/p'\'''
lt_cv_sys_global_symbol_to_c_name_address_lib_prefix='/usr/bin/sed -n -e '\''s/^: \(.*\) .*$/  {"\1", (void *) 0},/p'\'' -e '\''s/^[ABCDGIRSTW][ABCDGIRSTW]* .* \(lib.*\)$/  {"\1", (void *) \&\1},/p'\'' -e '\''s/^[ABCDGIRSTW][ABCDGIRSTW]* .* \(.*\)$/  {"lib\1", (void *) \&\1},/p'\'''
lt_cv_sys_global_symbol_to_cdecl='/usr/bin/sed -n -e '\''s/^T .* \(.*\)$/extern int \1();/p'\'' -e '\''s/^[ABCDGIRSTW][ABCDGIRSTW]* .* \(.*\)$/extern char \1;/p'\'''
lt_cv_sys_global_symbol_to_import=
lt_cv_sys_max_cmd_len=786432
lt_cv_to_host_file_cmd=func_convert_file_noop
lt_cv_to_tool_file_cmd=func_convert_file_noop
lt_cv_truncate_bin='/bin/dd bs=4096 count=1'

## ----------------- ##
## Output variables. ##
## ----------------- ##

ACLOCAL='${SHELL} '\''/Users/meowlgm/Downloads/MediaInfoKit/build/medialib/ZenLib_Git/Project/GNU/Library/missing'\'' aclocal-1.18'
AMDEPBACKSLASH='\'
AMDEP_FALSE='#'
AMDEP_TRUE=''
AMTAR='$${TAR-tar}'
AM_BACKSLASH='\'
AM_DEFAULT_V='$(AM_DEFAULT_VERBOSITY)'
AM_DEFAULT_VERBOSITY='1'
AM_V='$(V)'
AR='ar'
AS='as'
AUTOCONF='${SHELL} '\''/Users/meowlgm/Downloads/MediaInfoKit/build/medialib/ZenLib_Git/Project/GNU/Library/missing'\'' autoconf'
AUTOHEADER='${SHELL} '\''/Users/meowlgm/Downloads/MediaInfoKit/build/medialib/ZenLib_Git/Project/GNU/Library/missing'\'' autoheader'
AUTOMAKE='${SHELL} '\''/Users/meowlgm/Downloads/MediaInfoKit/build/medialib/ZenLib_Git/Project/GNU/Library/missing'\'' automake-1.18'
AWK='awk'
CC='clang'
CCDEPMODE='depmode=gcc3'
CFLAGS='-arch arm64 -mmacosx-version-min=10.13 -isysroot /Applications/Xcode.app/Contents/Developer/Platforms/MacOSX.platform/Developer/SDKs/MacOSX26.0.sdk -fPIC -O2'
CPP='clang -E'
CPPFLAGS=''
CSCOPE='cscope'
CTAGS='ctags'
CXX='clang++'
CXXCPP='clang++ -E'
CXXDEPMODE='depmode=gcc3'
CXXFLAGS='-arch arm64 -mmacosx-version-min=10.13 -isysroot /Applications/Xcode.app/Contents/Developer/Platforms/MacOSX.platform/Developer/SDKs/MacOSX26.0.sdk -DUNICODE -D_LARGE_FILES -D_FILE_OFFSET_BITS=64 -DSIZE_T_IS_LONG -fPIC -O2'
CYGPATH_W='echo'
DEFS='-DPACKAGE_NAME=\"libzen\" -DPACKAGE_TARNAME=\"libzen\" -DPACKAGE_VERSION=\"0.4.41\" -DPACKAGE_STRING=\"libzen\ 0.4.41\" -DPACKAGE_BUGREPORT=\"\" -DPACKAGE_URL=\"\" -DPACKAGE=\"libzen\" -DVERSION=\"0.4.41\" -DHAVE_STDIO_H=1 -DHAVE_STDLIB_H=1 -DHAVE_STRING_H=1 -DHAVE_INTTYPES_H=1 -DHAVE_STDINT_H=1 -DHAVE_STRINGS_H=1 -DHAVE_SYS_STAT_H=1 -DHAVE_SYS_TYPES_H=1 -DHAVE_UNISTD_H=1 -DSTDC_HEADERS=1 -DHAVE_DLFCN_H=1 -DLT_OBJDIR=\".libs/\" -DHAVE_GMTIME_R=1 -DHAVE_LOCALTIME_R=1'
DEPDIR='.deps'
DLLTOOL='dlltool'
DSYMUTIL='dsymutil'
DUMPBIN=''
ECHO_C='\c'
ECHO_N=''
ECHO_T=''
EGREP='/usr/bin/grep -E'
ETAGS='etags'
EXEEXT=''
FGREP='/usr/bin/grep -F'
FILECMD='file'
GREP='/usr/bin/grep'
INSTALL_DATA='${INSTALL} -m 644'
INSTALL_PROGRAM='${INSTALL}'
INSTALL_SCRIPT='${INSTALL}'
INSTALL_STRIP_PROGRAM='$(install_sh) -c -s'
LD='/Applications/Xcode.app/Contents/Developer/Toolchains/XcodeDefault.xctoolchain/usr/bin/ld'
LDFLAGS='-arch arm64 -mmacosx-version-min=10.13 -isysroot /Applications/Xcode.app/Contents/Developer/Platforms/MacOSX.platform/Developer/SDKs/MacOSX26.0.sdk -fPIC -lpthread'
LIBOBJS=''
LIBS=''
LIBTOOL='$(SHELL) $(top_builddir)/libtool'
LIPO='lipo'
LN_S='ln -s'
LTLIBOBJS=''
LT_SYS_LIBRARY_PATH=''
MAKEINFO='${SHELL} '\''/Users/meowlgm/Downloads/MediaInfoKit/build/medialib/ZenLib_Git/Project/GNU/Library/missing'\'' makeinfo'
MANIFEST_TOOL=':'
MKDIR_P='mkdir -p'
NM='/usr/bin/nm -B'
NMEDIT='nmedit'
OBJDUMP='objdump'
OBJEXT='o'
OTOOL64=':'
OTOOL='otool'
PACKAGE='libzen'
PACKAGE_BUGREPORT=''
PACKAGE_NAME='libzen'
PACKAGE_STRING='libzen 0.4.41'
PACKAGE_TARNAME='libzen'
PACKAGE_URL=''
PACKAGE_VERSION='0.4.41'
PATH_SEPARATOR=':'
RANLIB='ranlib'
SED='/usr/bin/sed'
SET_MAKE=''
SHELL='/bin/sh'
STRIP='strip'
VERSION='0.4.41'
ZenLib_CXXFLAGS=' -DUNICODE -DSIZE_T_IS_LONG'
ZenLib_LIBS=''
ZenLib_LIBS_Static='/Users/meowlgm/Downloads/MediaInfoKit/build/medialib/ZenLib_Git/Project/GNU/Library/.libs/libzen.a -lpthread '
ZenLib_LargeFiles='yes'
ZenLib_Unicode='yes'
ZenLib_wstring_missing='no'
ac_ct_AR='ar'
ac_ct_CC='clang'
ac_ct_CXX=''
ac_ct_DUMPBIN=''
am__EXEEXT_FALSE=''
am__EXEEXT_TRUE='#'
am__fastdepCC_FALSE='#'
am__fastdepCC_TRUE=''
am__fastdepCXX_FALSE='#'
am__fastdepCXX_TRUE=''
am__include='include'
am__isrc=''
am__leading_dot='.'
am__nodep='_no'
am__quote=''
am__rm_f_notfound=''
am__tar='tar --format=ustar -chf - "$$tardir"'
am__untar='tar -xf -'
am__xargs_n='xargs -n'
bindir='${exec_prefix}/bin'
build='aarch64-apple-darwin25.0.0'
build_alias=''
build_cpu='aarch64'
build_os='darwin25.0.0'
build_vendor='apple'
datadir='${datarootdir}'
datarootdir='${prefix}/share'
docdir='${datarootdir}/doc/${PACKAGE_TARNAME}'
dvidir='${docdir}'
exec_prefix='${prefix}'
host='aarch64-apple-darwin25.0.0'
host_alias=''
host_cpu='aarch64'
host_os='darwin25.0.0'
host_vendor='apple'
htmldir='${docdir}'
includedir='${prefix}/include'
infodir='${datarootdir}/info'
install_sh='${SHELL} /Users/meowlgm/Downloads/MediaInfoKit/build/medialib/ZenLib_Git/Project/GNU/Library/install-sh'
libdir='${exec_prefix}/lib'
libexecdir='${exec_prefix}/libexec'
localedir='${datarootdir}/locale'
localstatedir='${prefix}/var'
mandir='${datarootdir}/man'
mkdir_p='$(MKDIR_P)'
oldincludedir='/usr/include'
pdfdir='${docdir}'
prefix='/usr/local'
program_transform_name='s,x,x,'
psdir='${docdir}'
runstatedir='${localstatedir}/run'
sbindir='${exec_prefix}/sbin'
sharedstatedir='${prefix}/com'
sysconfdir='${prefix}/etc'
target_alias=''

## ----------- ##
## confdefs.h. ##
## ----------- ##

/* confdefs.h */
#define PACKAGE_NAME "libzen"
#define PACKAGE_TARNAME "libzen"
#define PACKAGE_VERSION "0.4.41"
#define PACKAGE_STRING "libzen 0.4.41"
#define PACKAGE_BUGREPORT ""
#define PACKAGE_URL ""
#define PACKAGE "libzen"
#define VERSION "0.4.41"
#define HAVE_STDIO_H 1
#define HAVE_STDLIB_H 1
#define HAVE_STRING_H 1
#define HAVE_INTTYPES_H 1
#define HAVE_STDINT_H 1
#define HAVE_STRINGS_H 1
#define HAVE_SYS_STAT_H 1
#define HAVE_SYS_TYPES_H 1
#define HAVE_UNISTD_H 1
#define STDC_HEADERS 1
#define HAVE_DLFCN_H 1
#define LT_OBJDIR ".libs/"
#define HAVE_GMTIME_R 1
#define HAVE_LOCALTIME_R 1

configure: exit 0
